13-May-2024 16:12:19.873 INFORMACIÓN [main] org.apache.catalina.startup.VersionLoggerListener.log Nombre de la versión del servidor: Apache Tomcat/9.0.89
13-May-2024 16:12:19.876 INFORMACIÓN [main] org.apache.catalina.startup.VersionLoggerListener.log Server built:                      May 3 2024 20:22:11 UTC
13-May-2024 16:12:19.876 INFORMACIÓN [main] org.apache.catalina.startup.VersionLoggerListener.log Número de versión de servidor:     9.0.89.0
13-May-2024 16:12:19.877 INFORMACIÓN [main] org.apache.catalina.startup.VersionLoggerListener.log OS Name:                           Mac OS X
13-May-2024 16:12:19.877 INFORMACIÓN [main] org.apache.catalina.startup.VersionLoggerListener.log Versión de Systema Operativo:      11.3
13-May-2024 16:12:19.877 INFORMACIÓN [main] org.apache.catalina.startup.VersionLoggerListener.log Arquitectura:                      x86_64
13-May-2024 16:12:19.877 INFORMACIÓN [main] org.apache.catalina.startup.VersionLoggerListener.log Java Home:                         /Library/Java/JavaVirtualMachines/adoptopenjdk-11.jdk/Contents/Home
13-May-2024 16:12:19.877 INFORMACIÓN [main] org.apache.catalina.startup.VersionLoggerListener.log JVM Version:                       11.0.11+9
13-May-2024 16:12:19.877 INFORMACIÓN [main] org.apache.catalina.startup.VersionLoggerListener.log Vededor JVM:                       AdoptOpenJDK
13-May-2024 16:12:19.877 INFORMACIÓN [main] org.apache.catalina.startup.VersionLoggerListener.log CATALINA_BASE:                     /Users/jpexposito/Downloads/apache-tomcat-9.0.89
13-May-2024 16:12:19.877 INFORMACIÓN [main] org.apache.catalina.startup.VersionLoggerListener.log CATALINA_HOME:                     /Users/jpexposito/Downloads/apache-tomcat-9.0.89
13-May-2024 16:12:19.890 INFORMACIÓN [main] org.apache.catalina.startup.VersionLoggerListener.log Command line argument:             --add-opens=java.base/java.lang=ALL-UNNAMED
13-May-2024 16:12:19.898 INFORMACIÓN [main] org.apache.catalina.startup.VersionLoggerListener.log Command line argument:             --add-opens=java.base/java.io=ALL-UNNAMED
13-May-2024 16:12:19.898 INFORMACIÓN [main] org.apache.catalina.startup.VersionLoggerListener.log Command line argument:             --add-opens=java.base/java.util=ALL-UNNAMED
13-May-2024 16:12:19.898 INFORMACIÓN [main] org.apache.catalina.startup.VersionLoggerListener.log Command line argument:             --add-opens=java.base/java.util.concurrent=ALL-UNNAMED
13-May-2024 16:12:19.898 INFORMACIÓN [main] org.apache.catalina.startup.VersionLoggerListener.log Command line argument:             --add-opens=java.rmi/sun.rmi.transport=ALL-UNNAMED
13-May-2024 16:12:19.898 INFORMACIÓN [main] org.apache.catalina.startup.VersionLoggerListener.log Command line argument:             -Djava.util.logging.config.file=/Users/jpexposito/Downloads/apache-tomcat-9.0.89/conf/logging.properties
13-May-2024 16:12:19.898 INFORMACIÓN [main] org.apache.catalina.startup.VersionLoggerListener.log Command line argument:             -Djava.util.logging.manager=org.apache.juli.ClassLoaderLogManager
13-May-2024 16:12:19.898 INFORMACIÓN [main] org.apache.catalina.startup.VersionLoggerListener.log Command line argument:             -Djdk.tls.ephemeralDHKeySize=2048
13-May-2024 16:12:19.898 INFORMACIÓN [main] org.apache.catalina.startup.VersionLoggerListener.log Command line argument:             -Djava.protocol.handler.pkgs=org.apache.catalina.webresources
13-May-2024 16:12:19.898 INFORMACIÓN [main] org.apache.catalina.startup.VersionLoggerListener.log Command line argument:             -Dorg.apache.catalina.security.SecurityListener.UMASK=0027
13-May-2024 16:12:19.899 INFORMACIÓN [main] org.apache.catalina.startup.VersionLoggerListener.log Command line argument:             -Dignore.endorsed.dirs=
13-May-2024 16:12:19.899 INFORMACIÓN [main] org.apache.catalina.startup.VersionLoggerListener.log Command line argument:             -Dcatalina.base=/Users/jpexposito/Downloads/apache-tomcat-9.0.89
13-May-2024 16:12:19.899 INFORMACIÓN [main] org.apache.catalina.startup.VersionLoggerListener.log Command line argument:             -Dcatalina.home=/Users/jpexposito/Downloads/apache-tomcat-9.0.89
13-May-2024 16:12:19.899 INFORMACIÓN [main] org.apache.catalina.startup.VersionLoggerListener.log Command line argument:             -Djava.io.tmpdir=/Users/jpexposito/Downloads/apache-tomcat-9.0.89/temp
13-May-2024 16:12:19.905 INFORMACIÓN [main] org.apache.catalina.core.AprLifecycleListener.lifecycleEvent La biblioteca nativa de Apache Tomcat basada en ARP que permite un rendimiento óptimo en entornos de desarrollo no ha sido hallada en java.library.path: [/Users/jpexposito/Library/Java/Extensions:/Library/Java/Extensions:/Network/Library/Java/Extensions:/System/Library/Java/Extensions:/usr/lib/java:.]
13-May-2024 16:12:20.164 INFORMACIÓN [main] org.apache.coyote.AbstractProtocol.init Inicializando el manejador de protocolo ["http-nio-8080"]

13-May-2024 16:12:20.194 INFORMACIÓN [main] org.apache.catalina.startup.Catalina.load Server initialization in [525] milliseconds
13-May-2024 16:12:20.241 INFORMACIÓN [main] org.apache.catalina.core.StandardService.startInternal Arrancando servicio [Catalina]
13-May-2024 16:12:20.241 INFORMACIÓN [main] org.apache.catalina.core.StandardEngine.startInternal Starting Servlet engine: [Apache Tomcat/9.0.89]
13-May-2024 16:12:20.248 INFORMACIÓN [main] org.apache.catalina.startup.HostConfig.deployDirectory Desplegando el directorio [/Users/jpexposito/Downloads/apache-tomcat-9.0.89/webapps/docs] de la aplicación web
13-May-2024 16:12:20.511 INFORMACIÓN [main] org.apache.catalina.startup.HostConfig.deployDirectory Deployment of web application directory [/Users/jpexposito/Downloads/apache-tomcat-9.0.89/webapps/docs] has finished in [261] ms
13-May-2024 16:12:20.512 INFORMACIÓN [main] org.apache.catalina.startup.HostConfig.deployDirectory Desplegando el directorio [/Users/jpexposito/Downloads/apache-tomcat-9.0.89/webapps/manager] de la aplicación web
13-May-2024 16:12:20.540 INFORMACIÓN [main] org.apache.catalina.startup.HostConfig.deployDirectory Deployment of web application directory [/Users/jpexposito/Downloads/apache-tomcat-9.0.89/webapps/manager] has finished in [28] ms
13-May-2024 16:12:20.540 INFORMACIÓN [main] org.apache.catalina.startup.HostConfig.deployDirectory Desplegando el directorio [/Users/jpexposito/Downloads/apache-tomcat-9.0.89/webapps/examples] de la aplicación web
13-May-2024 16:12:20.748 INFORMACIÓN [main] org.apache.catalina.startup.HostConfig.deployDirectory Deployment of web application directory [/Users/jpexposito/Downloads/apache-tomcat-9.0.89/webapps/examples] has finished in [208] ms
13-May-2024 16:12:20.748 INFORMACIÓN [main] org.apache.catalina.startup.HostConfig.deployDirectory Desplegando el directorio [/Users/jpexposito/Downloads/apache-tomcat-9.0.89/webapps/ROOT] de la aplicación web
13-May-2024 16:12:20.762 INFORMACIÓN [main] org.apache.catalina.startup.HostConfig.deployDirectory Deployment of web application directory [/Users/jpexposito/Downloads/apache-tomcat-9.0.89/webapps/ROOT] has finished in [13] ms
13-May-2024 16:12:20.762 INFORMACIÓN [main] org.apache.catalina.startup.HostConfig.deployDirectory Desplegando el directorio [/Users/jpexposito/Downloads/apache-tomcat-9.0.89/webapps/host-manager] de la aplicación web
13-May-2024 16:12:20.778 INFORMACIÓN [main] org.apache.catalina.startup.HostConfig.deployDirectory Deployment of web application directory [/Users/jpexposito/Downloads/apache-tomcat-9.0.89/webapps/host-manager] has finished in [16] ms
13-May-2024 16:12:20.783 INFORMACIÓN [main] org.apache.coyote.AbstractProtocol.start Starting ProtocolHandler ["http-nio-8080"]
13-May-2024 16:12:20.796 INFORMACIÓN [main] org.apache.catalina.startup.Catalina.start Server startup in [600] milliseconds
13-May-2024 16:15:30.888 INFORMACIÓN [Catalina-utility-1] org.apache.catalina.startup.HostConfig.deployWAR Despliegue del archivo [/Users/jpexposito/Downloads/apache-tomcat-9.0.89/webapps/cxf-example.war] de la aplicación web
13-May-2024 16:15:32.608 INFORMACIÓN [Catalina-utility-1] org.apache.jasper.servlet.TldScanner.scanJars Al menos un JAR, que se ha explorado buscando TLDs, aún no contenía TLDs. Activar historial de depuración para este historiador para una completa lista de los JARs que fueron explorados y de los que nos se halló TLDs. Saltarse JARs no necesarios durante la exploración puede dar lugar a una mejora de tiempo significativa en el arranque y compilación de JSP .
13-May-2024 16:15:33.066 GRAVE [Catalina-utility-1] org.apache.catalina.core.StandardContext.startInternal One or more listeners failed to start. Full details will be found in the appropriate container log file
13-May-2024 16:15:33.068 GRAVE [Catalina-utility-1] org.apache.catalina.core.StandardContext.startInternal Falló en arranque del Contexto [/cxf-example] debido a errores previos
13-May-2024 16:15:33.085 INFORMACIÓN [Catalina-utility-1] org.apache.catalina.startup.HostConfig.deployWAR Deployment of web application archive [/Users/jpexposito/Downloads/apache-tomcat-9.0.89/webapps/cxf-example.war] has finished in [2.197] ms
13-May-2024 16:19:33.232 INFORMACIÓN [Catalina-utility-2] org.apache.catalina.startup.HostConfig.undeploy Repliegue (undeploy) de la aplicación web que tiene como trayectoria de contexto [/cxf-example]
13-May-2024 16:19:33.271 INFORMACIÓN [Catalina-utility-2] org.apache.catalina.startup.HostConfig.deployWAR Despliegue del archivo [/Users/jpexposito/Downloads/apache-tomcat-9.0.89/webapps/cxf-example.war] de la aplicación web
13-May-2024 16:19:34.912 INFORMACIÓN [Catalina-utility-2] org.apache.jasper.servlet.TldScanner.scanJars Al menos un JAR, que se ha explorado buscando TLDs, aún no contenía TLDs. Activar historial de depuración para este historiador para una completa lista de los JARs que fueron explorados y de los que nos se halló TLDs. Saltarse JARs no necesarios durante la exploración puede dar lugar a una mejora de tiempo significativa en el arranque y compilación de JSP .
13-May-2024 16:19:35.804 INFORMACIÓN [Catalina-utility-2] org.apache.cxf.endpoint.ServerImpl.initDestination Setting the server's publish address to be /
13-May-2024 16:19:35.891 INFORMACIÓN [Catalina-utility-2] org.apache.catalina.startup.HostConfig.deployWAR Deployment of web application archive [/Users/jpexposito/Downloads/apache-tomcat-9.0.89/webapps/cxf-example.war] has finished in [2.619] ms
13-May-2024 16:23:21.015 INFORMACIÓN [main] org.apache.catalina.core.StandardServer.await Se ha recibido un comando de apagado a través del puerto de apagado. Parando la instancia del Servidor.
13-May-2024 16:23:21.016 INFORMACIÓN [main] org.apache.coyote.AbstractProtocol.pause Pausing ProtocolHandler ["http-nio-8080"]
13-May-2024 16:23:21.021 INFORMACIÓN [main] org.apache.catalina.core.StandardService.stopInternal Parando servicio [Catalina]
13-May-2024 16:23:21.097 INFORMACIÓN [main] org.apache.coyote.AbstractProtocol.stop Stopping ProtocolHandler ["http-nio-8080"]
13-May-2024 16:23:21.108 INFORMACIÓN [main] org.apache.coyote.AbstractProtocol.destroy Destroying ProtocolHandler ["http-nio-8080"]
13-May-2024 17:52:15.658 INFORMACIÓN [main] org.apache.catalina.startup.VersionLoggerListener.log Nombre de la versión del servidor: Apache Tomcat/9.0.89
13-May-2024 17:52:15.661 INFORMACIÓN [main] org.apache.catalina.startup.VersionLoggerListener.log Server built:                      May 3 2024 20:22:11 UTC
13-May-2024 17:52:15.661 INFORMACIÓN [main] org.apache.catalina.startup.VersionLoggerListener.log Número de versión de servidor:     9.0.89.0
13-May-2024 17:52:15.661 INFORMACIÓN [main] org.apache.catalina.startup.VersionLoggerListener.log OS Name:                           Mac OS X
13-May-2024 17:52:15.661 INFORMACIÓN [main] org.apache.catalina.startup.VersionLoggerListener.log Versión de Systema Operativo:      11.3
13-May-2024 17:52:15.661 INFORMACIÓN [main] org.apache.catalina.startup.VersionLoggerListener.log Arquitectura:                      x86_64
13-May-2024 17:52:15.661 INFORMACIÓN [main] org.apache.catalina.startup.VersionLoggerListener.log Java Home:                         /Library/Java/JavaVirtualMachines/adoptopenjdk-11.jdk/Contents/Home
13-May-2024 17:52:15.661 INFORMACIÓN [main] org.apache.catalina.startup.VersionLoggerListener.log JVM Version:                       11.0.11+9
13-May-2024 17:52:15.662 INFORMACIÓN [main] org.apache.catalina.startup.VersionLoggerListener.log Vededor JVM:                       AdoptOpenJDK
13-May-2024 17:52:15.662 INFORMACIÓN [main] org.apache.catalina.startup.VersionLoggerListener.log CATALINA_BASE:                     /Users/jpexposito/Downloads/apache-tomcat-9.0.89
13-May-2024 17:52:15.662 INFORMACIÓN [main] org.apache.catalina.startup.VersionLoggerListener.log CATALINA_HOME:                     /Users/jpexposito/Downloads/apache-tomcat-9.0.89
13-May-2024 17:52:15.726 INFORMACIÓN [main] org.apache.catalina.startup.VersionLoggerListener.log Command line argument:             --add-opens=java.base/java.lang=ALL-UNNAMED
13-May-2024 17:52:15.726 INFORMACIÓN [main] org.apache.catalina.startup.VersionLoggerListener.log Command line argument:             --add-opens=java.base/java.io=ALL-UNNAMED
13-May-2024 17:52:15.726 INFORMACIÓN [main] org.apache.catalina.startup.VersionLoggerListener.log Command line argument:             --add-opens=java.base/java.util=ALL-UNNAMED
13-May-2024 17:52:15.726 INFORMACIÓN [main] org.apache.catalina.startup.VersionLoggerListener.log Command line argument:             --add-opens=java.base/java.util.concurrent=ALL-UNNAMED
13-May-2024 17:52:15.726 INFORMACIÓN [main] org.apache.catalina.startup.VersionLoggerListener.log Command line argument:             --add-opens=java.rmi/sun.rmi.transport=ALL-UNNAMED
13-May-2024 17:52:15.726 INFORMACIÓN [main] org.apache.catalina.startup.VersionLoggerListener.log Command line argument:             -Djava.util.logging.config.file=/Users/jpexposito/Downloads/apache-tomcat-9.0.89/conf/logging.properties
13-May-2024 17:52:15.726 INFORMACIÓN [main] org.apache.catalina.startup.VersionLoggerListener.log Command line argument:             -Djava.util.logging.manager=org.apache.juli.ClassLoaderLogManager
13-May-2024 17:52:15.727 INFORMACIÓN [main] org.apache.catalina.startup.VersionLoggerListener.log Command line argument:             -Djdk.tls.ephemeralDHKeySize=2048
13-May-2024 17:52:15.727 INFORMACIÓN [main] org.apache.catalina.startup.VersionLoggerListener.log Command line argument:             -Djava.protocol.handler.pkgs=org.apache.catalina.webresources
13-May-2024 17:52:15.727 INFORMACIÓN [main] org.apache.catalina.startup.VersionLoggerListener.log Command line argument:             -Dorg.apache.catalina.security.SecurityListener.UMASK=0027
13-May-2024 17:52:15.727 INFORMACIÓN [main] org.apache.catalina.startup.VersionLoggerListener.log Command line argument:             -Dignore.endorsed.dirs=
13-May-2024 17:52:15.727 INFORMACIÓN [main] org.apache.catalina.startup.VersionLoggerListener.log Command line argument:             -Dcatalina.base=/Users/jpexposito/Downloads/apache-tomcat-9.0.89
13-May-2024 17:52:15.727 INFORMACIÓN [main] org.apache.catalina.startup.VersionLoggerListener.log Command line argument:             -Dcatalina.home=/Users/jpexposito/Downloads/apache-tomcat-9.0.89
13-May-2024 17:52:15.727 INFORMACIÓN [main] org.apache.catalina.startup.VersionLoggerListener.log Command line argument:             -Djava.io.tmpdir=/Users/jpexposito/Downloads/apache-tomcat-9.0.89/temp
13-May-2024 17:52:15.733 INFORMACIÓN [main] org.apache.catalina.core.AprLifecycleListener.lifecycleEvent La biblioteca nativa de Apache Tomcat basada en ARP que permite un rendimiento óptimo en entornos de desarrollo no ha sido hallada en java.library.path: [/Users/jpexposito/Library/Java/Extensions:/Library/Java/Extensions:/Network/Library/Java/Extensions:/System/Library/Java/Extensions:/usr/lib/java:.]
13-May-2024 17:52:16.014 INFORMACIÓN [main] org.apache.coyote.AbstractProtocol.init Inicializando el manejador de protocolo ["http-nio-8080"]

13-May-2024 17:52:16.058 INFORMACIÓN [main] org.apache.catalina.startup.Catalina.load Server initialization in [634] milliseconds
13-May-2024 17:52:16.112 INFORMACIÓN [main] org.apache.catalina.core.StandardService.startInternal Arrancando servicio [Catalina]
13-May-2024 17:52:16.112 INFORMACIÓN [main] org.apache.catalina.core.StandardEngine.startInternal Starting Servlet engine: [Apache Tomcat/9.0.89]
13-May-2024 17:52:16.129 INFORMACIÓN [main] org.apache.catalina.startup.HostConfig.deployWAR Despliegue del archivo [/Users/jpexposito/Downloads/apache-tomcat-9.0.89/webapps/cxf-example.war] de la aplicación web
13-May-2024 17:52:18.024 INFORMACIÓN [main] org.apache.jasper.servlet.TldScanner.scanJars Al menos un JAR, que se ha explorado buscando TLDs, aún no contenía TLDs. Activar historial de depuración para este historiador para una completa lista de los JARs que fueron explorados y de los que nos se halló TLDs. Saltarse JARs no necesarios durante la exploración puede dar lugar a una mejora de tiempo significativa en el arranque y compilación de JSP .
13-May-2024 17:52:19.140 INFORMACIÓN [main] org.apache.cxf.endpoint.ServerImpl.initDestination Setting the server's publish address to be /
13-May-2024 17:52:19.260 INFORMACIÓN [main] org.apache.catalina.startup.HostConfig.deployWAR Deployment of web application archive [/Users/jpexposito/Downloads/apache-tomcat-9.0.89/webapps/cxf-example.war] has finished in [3.131] ms
13-May-2024 17:52:19.261 INFORMACIÓN [main] org.apache.catalina.startup.HostConfig.deployDirectory Desplegando el directorio [/Users/jpexposito/Downloads/apache-tomcat-9.0.89/webapps/docs] de la aplicación web
13-May-2024 17:52:19.279 INFORMACIÓN [main] org.apache.catalina.startup.HostConfig.deployDirectory Deployment of web application directory [/Users/jpexposito/Downloads/apache-tomcat-9.0.89/webapps/docs] has finished in [18] ms
13-May-2024 17:52:19.280 INFORMACIÓN [main] org.apache.catalina.startup.HostConfig.deployDirectory Desplegando el directorio [/Users/jpexposito/Downloads/apache-tomcat-9.0.89/webapps/manager] de la aplicación web
13-May-2024 17:52:19.305 INFORMACIÓN [main] org.apache.catalina.startup.HostConfig.deployDirectory Deployment of web application directory [/Users/jpexposito/Downloads/apache-tomcat-9.0.89/webapps/manager] has finished in [25] ms
13-May-2024 17:52:19.305 INFORMACIÓN [main] org.apache.catalina.startup.HostConfig.deployDirectory Desplegando el directorio [/Users/jpexposito/Downloads/apache-tomcat-9.0.89/webapps/examples] de la aplicación web
13-May-2024 17:52:19.483 INFORMACIÓN [main] org.apache.catalina.startup.HostConfig.deployDirectory Deployment of web application directory [/Users/jpexposito/Downloads/apache-tomcat-9.0.89/webapps/examples] has finished in [178] ms
13-May-2024 17:52:19.483 INFORMACIÓN [main] org.apache.catalina.startup.HostConfig.deployDirectory Desplegando el directorio [/Users/jpexposito/Downloads/apache-tomcat-9.0.89/webapps/ROOT] de la aplicación web
13-May-2024 17:52:19.495 INFORMACIÓN [main] org.apache.catalina.startup.HostConfig.deployDirectory Deployment of web application directory [/Users/jpexposito/Downloads/apache-tomcat-9.0.89/webapps/ROOT] has finished in [12] ms
13-May-2024 17:52:19.495 INFORMACIÓN [main] org.apache.catalina.startup.HostConfig.deployDirectory Desplegando el directorio [/Users/jpexposito/Downloads/apache-tomcat-9.0.89/webapps/host-manager] de la aplicación web
13-May-2024 17:52:19.510 INFORMACIÓN [main] org.apache.catalina.startup.HostConfig.deployDirectory Deployment of web application directory [/Users/jpexposito/Downloads/apache-tomcat-9.0.89/webapps/host-manager] has finished in [15] ms
13-May-2024 17:52:19.514 INFORMACIÓN [main] org.apache.coyote.AbstractProtocol.start Starting ProtocolHandler ["http-nio-8080"]
13-May-2024 17:52:19.527 INFORMACIÓN [main] org.apache.catalina.startup.Catalina.start Server startup in [3468] milliseconds
13-May-2024 18:32:19.962 INFORMACIÓN [main] org.apache.catalina.core.StandardServer.await Se ha recibido un comando de apagado a través del puerto de apagado. Parando la instancia del Servidor.
13-May-2024 18:32:19.980 INFORMACIÓN [main] org.apache.coyote.AbstractProtocol.pause Pausing ProtocolHandler ["http-nio-8080"]
13-May-2024 18:32:20.004 INFORMACIÓN [main] org.apache.catalina.core.StandardService.stopInternal Parando servicio [Catalina]
13-May-2024 18:32:20.232 INFORMACIÓN [main] org.apache.coyote.AbstractProtocol.stop Stopping ProtocolHandler ["http-nio-8080"]
13-May-2024 18:32:20.240 INFORMACIÓN [main] org.apache.coyote.AbstractProtocol.destroy Destroying ProtocolHandler ["http-nio-8080"]
13-May-2024 18:33:31.398 INFORMACIÓN [main] org.apache.catalina.startup.VersionLoggerListener.log Nombre de la versión del servidor: Apache Tomcat/9.0.89
13-May-2024 18:33:31.401 INFORMACIÓN [main] org.apache.catalina.startup.VersionLoggerListener.log Server built:                      May 3 2024 20:22:11 UTC
13-May-2024 18:33:31.401 INFORMACIÓN [main] org.apache.catalina.startup.VersionLoggerListener.log Número de versión de servidor:     9.0.89.0
13-May-2024 18:33:31.401 INFORMACIÓN [main] org.apache.catalina.startup.VersionLoggerListener.log OS Name:                           Mac OS X
13-May-2024 18:33:31.401 INFORMACIÓN [main] org.apache.catalina.startup.VersionLoggerListener.log Versión de Systema Operativo:      11.3
13-May-2024 18:33:31.401 INFORMACIÓN [main] org.apache.catalina.startup.VersionLoggerListener.log Arquitectura:                      x86_64
13-May-2024 18:33:31.401 INFORMACIÓN [main] org.apache.catalina.startup.VersionLoggerListener.log Java Home:                         /Library/Java/JavaVirtualMachines/adoptopenjdk-11.jdk/Contents/Home
13-May-2024 18:33:31.401 INFORMACIÓN [main] org.apache.catalina.startup.VersionLoggerListener.log JVM Version:                       11.0.11+9
13-May-2024 18:33:31.402 INFORMACIÓN [main] org.apache.catalina.startup.VersionLoggerListener.log Vededor JVM:                       AdoptOpenJDK
13-May-2024 18:33:31.402 INFORMACIÓN [main] org.apache.catalina.startup.VersionLoggerListener.log CATALINA_BASE:                     /Users/jpexposito/Downloads/apache-tomcat-9.0.89
13-May-2024 18:33:31.402 INFORMACIÓN [main] org.apache.catalina.startup.VersionLoggerListener.log CATALINA_HOME:                     /Users/jpexposito/Downloads/apache-tomcat-9.0.89
13-May-2024 18:33:31.420 INFORMACIÓN [main] org.apache.catalina.startup.VersionLoggerListener.log Command line argument:             --add-opens=java.base/java.lang=ALL-UNNAMED
13-May-2024 18:33:31.420 INFORMACIÓN [main] org.apache.catalina.startup.VersionLoggerListener.log Command line argument:             --add-opens=java.base/java.io=ALL-UNNAMED
13-May-2024 18:33:31.420 INFORMACIÓN [main] org.apache.catalina.startup.VersionLoggerListener.log Command line argument:             --add-opens=java.base/java.util=ALL-UNNAMED
13-May-2024 18:33:31.420 INFORMACIÓN [main] org.apache.catalina.startup.VersionLoggerListener.log Command line argument:             --add-opens=java.base/java.util.concurrent=ALL-UNNAMED
13-May-2024 18:33:31.420 INFORMACIÓN [main] org.apache.catalina.startup.VersionLoggerListener.log Command line argument:             --add-opens=java.rmi/sun.rmi.transport=ALL-UNNAMED
13-May-2024 18:33:31.420 INFORMACIÓN [main] org.apache.catalina.startup.VersionLoggerListener.log Command line argument:             -Djava.util.logging.config.file=/Users/jpexposito/Downloads/apache-tomcat-9.0.89/conf/logging.properties
13-May-2024 18:33:31.420 INFORMACIÓN [main] org.apache.catalina.startup.VersionLoggerListener.log Command line argument:             -Djava.util.logging.manager=org.apache.juli.ClassLoaderLogManager
13-May-2024 18:33:31.420 INFORMACIÓN [main] org.apache.catalina.startup.VersionLoggerListener.log Command line argument:             -Djdk.tls.ephemeralDHKeySize=2048
13-May-2024 18:33:31.420 INFORMACIÓN [main] org.apache.catalina.startup.VersionLoggerListener.log Command line argument:             -Djava.protocol.handler.pkgs=org.apache.catalina.webresources
13-May-2024 18:33:31.420 INFORMACIÓN [main] org.apache.catalina.startup.VersionLoggerListener.log Command line argument:             -Dorg.apache.catalina.security.SecurityListener.UMASK=0027
13-May-2024 18:33:31.421 INFORMACIÓN [main] org.apache.catalina.startup.VersionLoggerListener.log Command line argument:             -Dignore.endorsed.dirs=
13-May-2024 18:33:31.421 INFORMACIÓN [main] org.apache.catalina.startup.VersionLoggerListener.log Command line argument:             -Dcatalina.base=/Users/jpexposito/Downloads/apache-tomcat-9.0.89
13-May-2024 18:33:31.421 INFORMACIÓN [main] org.apache.catalina.startup.VersionLoggerListener.log Command line argument:             -Dcatalina.home=/Users/jpexposito/Downloads/apache-tomcat-9.0.89
13-May-2024 18:33:31.421 INFORMACIÓN [main] org.apache.catalina.startup.VersionLoggerListener.log Command line argument:             -Djava.io.tmpdir=/Users/jpexposito/Downloads/apache-tomcat-9.0.89/temp
13-May-2024 18:33:31.423 INFORMACIÓN [main] org.apache.catalina.core.AprLifecycleListener.lifecycleEvent La biblioteca nativa de Apache Tomcat basada en ARP que permite un rendimiento óptimo en entornos de desarrollo no ha sido hallada en java.library.path: [/Users/jpexposito/Library/Java/Extensions:/Library/Java/Extensions:/Network/Library/Java/Extensions:/System/Library/Java/Extensions:/usr/lib/java:.]
13-May-2024 18:33:31.693 INFORMACIÓN [main] org.apache.coyote.AbstractProtocol.init Inicializando el manejador de protocolo ["http-nio-8080"]

13-May-2024 18:33:31.724 INFORMACIÓN [main] org.apache.catalina.startup.Catalina.load Server initialization in [553] milliseconds
13-May-2024 18:33:31.775 INFORMACIÓN [main] org.apache.catalina.core.StandardService.startInternal Arrancando servicio [Catalina]
13-May-2024 18:33:31.775 INFORMACIÓN [main] org.apache.catalina.core.StandardEngine.startInternal Starting Servlet engine: [Apache Tomcat/9.0.89]
13-May-2024 18:33:31.790 INFORMACIÓN [main] org.apache.catalina.startup.HostConfig.deployWAR Despliegue del archivo [/Users/jpexposito/Downloads/apache-tomcat-9.0.89/webapps/cxf-example.war] de la aplicación web
13-May-2024 18:33:31.806 INFORMACIÓN [main] org.apache.catalina.startup.ExpandWar.expand An expanded directory [/Users/jpexposito/Downloads/apache-tomcat-9.0.89/webapps/cxf-example] was found with a last modified time that did not match the associated WAR. It will be deleted.
13-May-2024 18:33:33.704 INFORMACIÓN [main] org.apache.jasper.servlet.TldScanner.scanJars Al menos un JAR, que se ha explorado buscando TLDs, aún no contenía TLDs. Activar historial de depuración para este historiador para una completa lista de los JARs que fueron explorados y de los que nos se halló TLDs. Saltarse JARs no necesarios durante la exploración puede dar lugar a una mejora de tiempo significativa en el arranque y compilación de JSP .
13-May-2024 18:33:34.911 INFORMACIÓN [main] org.apache.cxf.endpoint.ServerImpl.initDestination Setting the server's publish address to be /
13-May-2024 18:33:35.046 INFORMACIÓN [main] org.apache.catalina.startup.HostConfig.deployWAR Deployment of web application archive [/Users/jpexposito/Downloads/apache-tomcat-9.0.89/webapps/cxf-example.war] has finished in [3.256] ms
13-May-2024 18:33:35.046 INFORMACIÓN [main] org.apache.catalina.startup.HostConfig.deployDirectory Desplegando el directorio [/Users/jpexposito/Downloads/apache-tomcat-9.0.89/webapps/docs] de la aplicación web
13-May-2024 18:33:35.066 INFORMACIÓN [main] org.apache.catalina.startup.HostConfig.deployDirectory Deployment of web application directory [/Users/jpexposito/Downloads/apache-tomcat-9.0.89/webapps/docs] has finished in [20] ms
13-May-2024 18:33:35.066 INFORMACIÓN [main] org.apache.catalina.startup.HostConfig.deployDirectory Desplegando el directorio [/Users/jpexposito/Downloads/apache-tomcat-9.0.89/webapps/manager] de la aplicación web
13-May-2024 18:33:35.096 INFORMACIÓN [main] org.apache.catalina.startup.HostConfig.deployDirectory Deployment of web application directory [/Users/jpexposito/Downloads/apache-tomcat-9.0.89/webapps/manager] has finished in [30] ms
13-May-2024 18:33:35.097 INFORMACIÓN [main] org.apache.catalina.startup.HostConfig.deployDirectory Desplegando el directorio [/Users/jpexposito/Downloads/apache-tomcat-9.0.89/webapps/examples] de la aplicación web
13-May-2024 18:33:35.307 INFORMACIÓN [main] org.apache.catalina.startup.HostConfig.deployDirectory Deployment of web application directory [/Users/jpexposito/Downloads/apache-tomcat-9.0.89/webapps/examples] has finished in [210] ms
13-May-2024 18:33:35.307 INFORMACIÓN [main] org.apache.catalina.startup.HostConfig.deployDirectory Desplegando el directorio [/Users/jpexposito/Downloads/apache-tomcat-9.0.89/webapps/ROOT] de la aplicación web
13-May-2024 18:33:35.319 INFORMACIÓN [main] org.apache.catalina.startup.HostConfig.deployDirectory Deployment of web application directory [/Users/jpexposito/Downloads/apache-tomcat-9.0.89/webapps/ROOT] has finished in [11] ms
13-May-2024 18:33:35.319 INFORMACIÓN [main] org.apache.catalina.startup.HostConfig.deployDirectory Desplegando el directorio [/Users/jpexposito/Downloads/apache-tomcat-9.0.89/webapps/host-manager] de la aplicación web
13-May-2024 18:33:35.334 INFORMACIÓN [main] org.apache.catalina.startup.HostConfig.deployDirectory Deployment of web application directory [/Users/jpexposito/Downloads/apache-tomcat-9.0.89/webapps/host-manager] has finished in [15] ms
13-May-2024 18:33:35.339 INFORMACIÓN [main] org.apache.coyote.AbstractProtocol.start Starting ProtocolHandler ["http-nio-8080"]
13-May-2024 18:33:35.354 INFORMACIÓN [main] org.apache.catalina.startup.Catalina.start Server startup in [3628] milliseconds
13-May-2024 18:34:01.598 INFORMACIÓN [main] org.apache.catalina.core.StandardServer.await Se ha recibido un comando de apagado a través del puerto de apagado. Parando la instancia del Servidor.
13-May-2024 18:34:01.598 INFORMACIÓN [main] org.apache.coyote.AbstractProtocol.pause Pausing ProtocolHandler ["http-nio-8080"]
13-May-2024 18:34:01.601 INFORMACIÓN [main] org.apache.catalina.core.StandardService.stopInternal Parando servicio [Catalina]
13-May-2024 18:34:01.644 INFORMACIÓN [main] org.apache.coyote.AbstractProtocol.stop Stopping ProtocolHandler ["http-nio-8080"]
13-May-2024 18:34:01.648 INFORMACIÓN [main] org.apache.coyote.AbstractProtocol.destroy Destroying ProtocolHandler ["http-nio-8080"]
