27-05-2024 08:57:31.282 [main] INFO  o.s.d.r.c.RepositoryConfigurationDelegate - Bootstrapping Spring Data JPA repositories in DEFAULT mode.
27-05-2024 08:57:31.313 [main] INFO  o.s.d.r.c.RepositoryConfigurationDelegate - Finished Spring Data repository scanning in 8 ms. Found 0 JPA repository interfaces.
27-05-2024 08:57:31.914 [main] INFO  o.s.b.w.e.t.TomcatWebServer - Tomcat initialized with port(s): 8080 (http)
27-05-2024 08:57:32.053 [main] INFO  o.s.b.w.s.c.ServletWebServerApplicationContext - Root WebApplicationContext: initialization completed in 1479 ms
27-05-2024 08:57:32.961 [main] INFO  o.s.o.j.LocalContainerEntityManagerFactoryBean - Initialized JPA EntityManagerFactory for persistence unit 'default'
27-05-2024 08:57:33.044 [main] WARN  o.s.b.a.o.j.JpaBaseConfiguration$JpaWebConfiguration - spring.jpa.open-in-view is enabled by default. Therefore, database queries may be performed during view rendering. Explicitly configure spring.jpa.open-in-view to disable this warning
27-05-2024 08:57:33.192 [main] INFO  o.s.s.c.ThreadPoolTaskExecutor - Initializing ExecutorService 'applicationTaskExecutor'
27-05-2024 08:57:33.463 [main] INFO  o.s.b.w.e.t.TomcatWebServer - Tomcat started on port(s): 8080 (http) with context path '/api-rest'
27-05-2024 08:57:39.577 [SpringContextShutdownHook] INFO  o.s.s.c.ThreadPoolTaskExecutor - Shutting down ExecutorService 'applicationTaskExecutor'
27-05-2024 08:57:39.578 [SpringContextShutdownHook] INFO  o.s.o.j.LocalContainerEntityManagerFactoryBean - Closing JPA EntityManagerFactory for persistence unit 'default'
27-05-2024 09:06:54.659 [main] INFO  o.s.d.r.c.RepositoryConfigurationDelegate - Bootstrapping Spring Data JPA repositories in DEFAULT mode.
27-05-2024 09:06:54.679 [main] INFO  o.s.d.r.c.RepositoryConfigurationDelegate - Finished Spring Data repository scanning in 6 ms. Found 0 JPA repository interfaces.
27-05-2024 09:06:55.351 [main] INFO  o.s.b.w.e.t.TomcatWebServer - Tomcat initialized with port(s): 8080 (http)
27-05-2024 09:06:55.485 [main] INFO  o.s.b.w.s.c.ServletWebServerApplicationContext - Root WebApplicationContext: initialization completed in 1474 ms
27-05-2024 09:06:56.342 [main] INFO  o.s.o.j.LocalContainerEntityManagerFactoryBean - Initialized JPA EntityManagerFactory for persistence unit 'default'
27-05-2024 09:06:56.422 [main] WARN  o.s.b.a.o.j.JpaBaseConfiguration$JpaWebConfiguration - spring.jpa.open-in-view is enabled by default. Therefore, database queries may be performed during view rendering. Explicitly configure spring.jpa.open-in-view to disable this warning
27-05-2024 09:06:56.554 [main] INFO  o.s.s.c.ThreadPoolTaskExecutor - Initializing ExecutorService 'applicationTaskExecutor'
27-05-2024 09:06:56.788 [main] INFO  o.s.b.w.e.t.TomcatWebServer - Tomcat started on port(s): 8080 (http) with context path '/api-rest'
27-05-2024 09:14:19.858 [SpringContextShutdownHook] INFO  o.s.s.c.ThreadPoolTaskExecutor - Shutting down ExecutorService 'applicationTaskExecutor'
27-05-2024 09:14:19.861 [SpringContextShutdownHook] INFO  o.s.o.j.LocalContainerEntityManagerFactoryBean - Closing JPA EntityManagerFactory for persistence unit 'default'
27-05-2024 09:14:29.590 [main] INFO  o.s.d.r.c.RepositoryConfigurationDelegate - Bootstrapping Spring Data JPA repositories in DEFAULT mode.
27-05-2024 09:14:29.609 [main] INFO  o.s.d.r.c.RepositoryConfigurationDelegate - Finished Spring Data repository scanning in 6 ms. Found 0 JPA repository interfaces.
27-05-2024 09:14:30.127 [main] INFO  o.s.b.w.e.t.TomcatWebServer - Tomcat initialized with port(s): 8080 (http)
27-05-2024 09:14:30.317 [main] INFO  o.s.b.w.s.c.ServletWebServerApplicationContext - Root WebApplicationContext: initialization completed in 1525 ms
27-05-2024 09:14:31.295 [main] INFO  o.s.o.j.LocalContainerEntityManagerFactoryBean - Initialized JPA EntityManagerFactory for persistence unit 'default'
27-05-2024 09:14:31.371 [main] WARN  o.s.b.a.o.j.JpaBaseConfiguration$JpaWebConfiguration - spring.jpa.open-in-view is enabled by default. Therefore, database queries may be performed during view rendering. Explicitly configure spring.jpa.open-in-view to disable this warning
27-05-2024 09:14:31.482 [main] INFO  o.s.s.c.ThreadPoolTaskExecutor - Initializing ExecutorService 'applicationTaskExecutor'
27-05-2024 09:14:31.695 [main] INFO  o.s.b.w.e.t.TomcatWebServer - Tomcat started on port(s): 8080 (http) with context path '/api-rest'
27-05-2024 09:15:14.463 [SpringContextShutdownHook] INFO  o.s.s.c.ThreadPoolTaskExecutor - Shutting down ExecutorService 'applicationTaskExecutor'
27-05-2024 09:15:14.478 [SpringContextShutdownHook] INFO  o.s.o.j.LocalContainerEntityManagerFactoryBean - Closing JPA EntityManagerFactory for persistence unit 'default'
27-05-2024 09:32:44.385 [main] INFO  o.s.d.r.c.RepositoryConfigurationDelegate - Bootstrapping Spring Data JPA repositories in DEFAULT mode.
27-05-2024 09:32:44.402 [main] INFO  o.s.d.r.c.RepositoryConfigurationDelegate - Finished Spring Data repository scanning in 5 ms. Found 0 JPA repository interfaces.
27-05-2024 09:32:44.972 [main] INFO  o.s.b.w.e.t.TomcatWebServer - Tomcat initialized with port(s): 8080 (http)
27-05-2024 09:32:45.074 [main] INFO  o.s.b.w.s.c.ServletWebServerApplicationContext - Root WebApplicationContext: initialization completed in 1257 ms
27-05-2024 09:32:45.904 [main] INFO  o.s.o.j.LocalContainerEntityManagerFactoryBean - Initialized JPA EntityManagerFactory for persistence unit 'default'
27-05-2024 09:32:45.974 [main] WARN  o.s.b.a.o.j.JpaBaseConfiguration$JpaWebConfiguration - spring.jpa.open-in-view is enabled by default. Therefore, database queries may be performed during view rendering. Explicitly configure spring.jpa.open-in-view to disable this warning
27-05-2024 09:32:46.085 [main] INFO  o.s.s.c.ThreadPoolTaskExecutor - Initializing ExecutorService 'applicationTaskExecutor'
27-05-2024 09:32:46.488 [main] INFO  o.s.b.w.e.t.TomcatWebServer - Tomcat started on port(s): 8080 (http) with context path '/api-rest'
27-05-2024 09:37:25.364 [SpringContextShutdownHook] INFO  o.s.s.c.ThreadPoolTaskExecutor - Shutting down ExecutorService 'applicationTaskExecutor'
27-05-2024 09:37:25.367 [SpringContextShutdownHook] INFO  o.s.o.j.LocalContainerEntityManagerFactoryBean - Closing JPA EntityManagerFactory for persistence unit 'default'
27-05-2024 09:55:48.900 [main] INFO  o.s.d.r.c.RepositoryConfigurationDelegate - Bootstrapping Spring Data JPA repositories in DEFAULT mode.
27-05-2024 09:55:48.917 [main] INFO  o.s.d.r.c.RepositoryConfigurationDelegate - Finished Spring Data repository scanning in 5 ms. Found 0 JPA repository interfaces.
27-05-2024 09:55:49.317 [main] INFO  o.s.b.w.e.t.TomcatWebServer - Tomcat initialized with port(s): 8080 (http)
27-05-2024 09:55:49.398 [main] INFO  o.s.b.w.s.c.ServletWebServerApplicationContext - Root WebApplicationContext: initialization completed in 1022 ms
27-05-2024 09:55:50.110 [main] INFO  o.s.o.j.LocalContainerEntityManagerFactoryBean - Initialized JPA EntityManagerFactory for persistence unit 'default'
27-05-2024 09:55:50.179 [main] WARN  o.s.b.a.o.j.JpaBaseConfiguration$JpaWebConfiguration - spring.jpa.open-in-view is enabled by default. Therefore, database queries may be performed during view rendering. Explicitly configure spring.jpa.open-in-view to disable this warning
27-05-2024 09:55:50.283 [main] INFO  o.s.s.c.ThreadPoolTaskExecutor - Initializing ExecutorService 'applicationTaskExecutor'
27-05-2024 09:55:50.466 [main] INFO  o.s.b.w.e.t.TomcatWebServer - Tomcat started on port(s): 8080 (http) with context path '/api-rest'
27-05-2024 09:56:23.478 [SpringContextShutdownHook] INFO  o.s.s.c.ThreadPoolTaskExecutor - Shutting down ExecutorService 'applicationTaskExecutor'
27-05-2024 09:56:23.479 [SpringContextShutdownHook] INFO  o.s.o.j.LocalContainerEntityManagerFactoryBean - Closing JPA EntityManagerFactory for persistence unit 'default'
